<?xml version="1.0" encoding="UTF-8" standalone="yes" ?>
<!DOCTYPE boost_serialization>
<boost_serialization signature="serialization::archive" version="17">
<e class_id="0" class_name="TranslationStartEvent" tracking_level="0" version="0">
	<Event class_id="1" tracking_level="0" version="0"></Event>
</e>
<e class_id="2" class_name="TranslationProgressEvent" tracking_level="0" version="0">
	<Event></Event>
</e>
<e class_id_reference="2">
	<Event></Event>
</e>
<e class_id_reference="2">
	<Event></Event>
</e>
<e class_id="3" class_name="ObjectCountsWorkdata" tracking_level="0" version="0">
	<WorkdataEvent class_id="4" tracking_level="0" version="0">
		<Event></Event>
		<m_severity>3</m_severity>
		<v1 class_id="5" tracking_level="0" version="0">
			<count>0</count>
			<item_version>0</item_version>
		</v1>
		<v2>
			<count>0</count>
			<item_version>0</item_version>
		</v2>
		<v1>
			<count>2</count>
			<item_version>0</item_version>
			<item class_id="6" tracking_level="0" version="0">
				<strData>Duration(second)</strData>
			</item>
			<item>
				<strData>DeltaWorkingSet(MB)</strData>
			</item>
		</v1>
		<v2>
			<count>2</count>
			<item_version>0</item_version>
			<item>
				<strData>0.00</strData>
			</item>
			<item>
				<strData>0</strData>
			</item>
		</v2>
	</WorkdataEvent>
	<m_sComponentName class_id="7" tracking_level="0" version="0">
		<strData>BuildDirectory</strData>
	</m_sComponentName>
	<v1 class_id="8" tracking_level="0" version="0">
		<count>5</count>
		<item_version>0</item_version>
		<item>
			<strData>IFile</strData>
		</item>
		<item>
			<strData>IRenderStyle</strData>
		</item>
		<item>
			<strData>IPart</strData>
		</item>
		<item>
			<strData>IGeometricSet</strData>
		</item>
		<item>
			<strData>IPolygonMesh</strData>
		</item>
	</v1>
	<v2>
		<count>5</count>
		<item_version>0</item_version>
		<item>1</item>
		<item>1</item>
		<item>1</item>
		<item>1</item>
		<item>1</item>
	</v2>
</e>
<e class_id_reference="2">
	<Event></Event>
</e>
<e class_id_reference="2">
	<Event></Event>
</e>
<e class_id_reference="2">
	<Event></Event>
</e>
<e class_id_reference="2">
	<Event></Event>
</e>
<e class_id_reference="2">
	<Event></Event>
</e>
<e class_id_reference="2">
	<Event></Event>
</e>
<e class_id_reference="2">
	<Event></Event>
</e>
<e class_id_reference="2">
	<Event></Event>
</e>
<e class_id_reference="2">
	<Event></Event>
</e>
<e class_id_reference="3">
	<WorkdataEvent>
		<Event></Event>
		<m_severity>3</m_severity>
		<v1>
			<count>19</count>
			<item_version>0</item_version>
			<item>
				<strData>ASMConversionSettings.DisableSimplification</strData>
			</item>
			<item>
				<strData>ASMConversionSettings.DisableHealing</strData>
			</item>
			<item>
				<strData>ASMConversionSettings.MergeFacesFlag</strData>
			</item>
			<item>
				<strData>ASMConversionSettings.AddEntityAttribsFlag</strData>
			</item>
			<item>
				<strData>ASMConversionSettings.PreserveSurfaceParam</strData>
			</item>
			<item>
				<strData>ASMConversionSettings.DisableEdgeSplitAndMerge</strData>
			</item>
			<item>
				<strData>ASMConversionSettings.DisableFaceSplitAndMerge</strData>
			</item>
			<item>
				<strData>ASMConversionSettings.AllowBlendSurfaceCreation</strData>
			</item>
			<item>
				<strData>ASMConversionSettings.WantLineASMConversion</strData>
			</item>
			<item>
				<strData>ASMConversionSettings.WantRayASMConversion</strData>
			</item>
			<item>
				<strData>ASMConversionSettings.WantPolyLineASMConversion</strData>
			</item>
			<item>
				<strData>ASMConversionSettings.WantEllipseASMConversion</strData>
			</item>
			<item>
				<strData>ASMConversionSettings.WantCompositeASMConversion</strData>
			</item>
			<item>
				<strData>ASMConversionSettings.WantNurbsCurveASMConversion</strData>
			</item>
			<item>
				<strData>ASMConversionSettings.PreserveCurveParam</strData>
			</item>
			<item>
				<strData>ASMConversionSettings.WantSliverFaceRemoval</strData>
			</item>
			<item>
				<strData>ASMConversionSettings.SliverFaceTolerance</strData>
			</item>
			<item>
				<strData>ASMConversionSettings.GenerateEdgeCurveWithTighterTolerance</strData>
			</item>
			<item>
				<strData>ASMConversionSettings.WantRepairSAT7ASMBrep</strData>
			</item>
		</v1>
		<v2>
			<count>19</count>
			<item_version>0</item_version>
			<item>
				<strData>true</strData>
			</item>
			<item>
				<strData>false</strData>
			</item>
			<item>
				<strData>false</strData>
			</item>
			<item>
				<strData>false</strData>
			</item>
			<item>
				<strData>false</strData>
			</item>
			<item>
				<strData>false</strData>
			</item>
			<item>
				<strData>false</strData>
			</item>
			<item>
				<strData>false</strData>
			</item>
			<item>
				<strData>true</strData>
			</item>
			<item>
				<strData>true</strData>
			</item>
			<item>
				<strData>true</strData>
			</item>
			<item>
				<strData>true</strData>
			</item>
			<item>
				<strData>true</strData>
			</item>
			<item>
				<strData>true</strData>
			</item>
			<item>
				<strData>false</strData>
			</item>
			<item>
				<strData>false</strData>
			</item>
			<item>
				<strData>-1.000000</strData>
			</item>
			<item>
				<strData>false</strData>
			</item>
			<item>
				<strData>false</strData>
			</item>
		</v2>
		<v1>
			<count>0</count>
			<item_version>0</item_version>
		</v1>
		<v2>
			<count>0</count>
			<item_version>0</item_version>
		</v2>
	</WorkdataEvent>
	<m_sComponentName>
		<strData>ASMConversionStage</strData>
	</m_sComponentName>
	<v1>
		<count>0</count>
		<item_version>0</item_version>
	</v1>
	<v2>
		<count>0</count>
		<item_version>0</item_version>
	</v2>
</e>
<e class_id="10" class_name="ProcessorWorkdata" tracking_level="0" version="0">
	<WorkdataEvent>
		<Event></Event>
		<m_severity>3</m_severity>
		<v1>
			<count>61</count>
			<item_version>0</item_version>
			<item>
				<strData>ASMApproximationSettings.IsApproxForSATVersionSet</strData>
			</item>
			<item>
				<strData>ASMApproximationSettings.ApproxForSATVersion</strData>
			</item>
			<item>
				<strData>ASMApproximationSettings.PreserveOffsetSurfaces</strData>
			</item>
			<item>
				<strData>ASMApproximationSettings.PreserveRevolvedSurfaces</strData>
			</item>
			<item>
				<strData>ASMApproximationSettings.PreserveParameterSpaceCurves</strData>
			</item>
			<item>
				<strData>ASMApproximationSettings.Seperation</strData>
			</item>
			<item>
				<strData>ASMApproximationSettings.MeasureTolerances</strData>
			</item>
			<item>
				<strData>ASMApproximationSettings.MeasureNormalAtBoundary</strData>
			</item>
			<item>
				<strData>ASMApproximationSettings.TrimEdges</strData>
			</item>
			<item>
				<strData>ASMApproximationSettings.TrimFaces</strData>
			</item>
			<item>
				<strData>ASMApproximationSettings.TrimApproximatedFaces</strData>
			</item>
			<item>
				<strData>ASMApproximationSettings.ConvertPlanesToNurbs</strData>
			</item>
			<item>
				<strData>ASMApproximationSettings.ConvertSpheresToNurbs</strData>
			</item>
			<item>
				<strData>ASMApproximationSettings.ConvertConesToNurbs</strData>
			</item>
			<item>
				<strData>ASMApproximationSettings.ConvertOnlyEllipticalConesToNurbs</strData>
			</item>
			<item>
				<strData>ASMApproximationSettings.ConvertTorusesToNurbs</strData>
			</item>
			<item>
				<strData>ASMApproximationSettings.ConvertOnlyDoughnutToNurbs</strData>
			</item>
			<item>
				<strData>ASMApproximationSettings.ConvertOnlyVortexToNurbs</strData>
			</item>
			<item>
				<strData>ASMApproximationSettings.ConvertOnlyAppleToNurbs</strData>
			</item>
			<item>
				<strData>ASMApproximationSettings.ConvertOnlyLemonToNurbs</strData>
			</item>
			<item>
				<strData>ASMApproximationSettings.ConvertAnalyticsToNurbs</strData>
			</item>
			<item>
				<strData>ASMApproximationSettings.ConvertOnlySolidBodyToNurbs</strData>
			</item>
			<item>
				<strData>ASMApproximationSettings.ConvertOnlySheetBodyToNurbs</strData>
			</item>
			<item>
				<strData>ASMApproximationSettings.ConvertStraightsToNurbs</strData>
			</item>
			<item>
				<strData>ASMApproximationSettings.ConvertEllipsesToNurbs</strData>
			</item>
			<item>
				<strData>ASMApproximationSettings.ConvertEllipsesToNurbs.ConvertOnlyNonCircular</strData>
			</item>
			<item>
				<strData>ASMApproximationSettings.AllowRationals</strData>
			</item>
			<item>
				<strData>ASMApproximationSettings.SplitPeriodicFaces</strData>
			</item>
			<item>
				<strData>ASMApproximationSettings.SplitClosedFaces</strData>
			</item>
			<item>
				<strData>ASMApproximationSettings.SplitOnlyAnalytics</strData>
			</item>
			<item>
				<strData>ASMApproximationSettings.SplitAllPeriodicSurfaces</strData>
			</item>
			<item>
				<strData>ASMApproximationSettings.SplitAllPeriodicSurfacesForSheetBody</strData>
			</item>
			<item>
				<strData>ASMApproximationSettings.SplitClosedEdges</strData>
			</item>
			<item>
				<strData>ASMApproximationSettings.SplitAllPeriodicCurves</strData>
			</item>
			<item>
				<strData>ASMApproximationSettings.SplitEdgesCrossingSeams</strData>
			</item>
			<item>
				<strData>ASMApproximationSettings.SplitEdgesAtPoles</strData>
			</item>
			<item>
				<strData>ASMApproximationSettings.UnzipNonmanifold</strData>
			</item>
			<item>
				<strData>ASMApproximationSettings.RemoveDoubleCoedgesOnSameFace</strData>
			</item>
			<item>
				<strData>ASMApproximationSettings.RemoveTopologyReversal</strData>
			</item>
			<item>
				<strData>ASMApproximationSettings.RemoveSurfaceReversal</strData>
			</item>
			<item>
				<strData>ASMApproximationSettings.MakeTolerance</strData>
			</item>
			<item>
				<strData>ASMApproximationSettings.MakeSurfaceRightHanded</strData>
			</item>
			<item>
				<strData>ASMApproximationSettings.AddPcurvesToAnalytics</strData>
			</item>
			<item>
				<strData>ASMApproximationSettings.MarkInvertedFaces</strData>
			</item>
			<item>
				<strData>ASMApproximationSettings.AllowRevolvedSurfaces</strData>
			</item>
			<item>
				<strData>ASMApproximationSettings.AllowOnlySheetBodyToRevolvedSurfaces</strData>
			</item>
			<item>
				<strData>ASMApproximationSettings.ConvertTorusesToRevolvedSurfaces</strData>
			</item>
			<item>
				<strData>ASMApproximationSettings.ConvertTorusesToRevolvedSurfacesOnlyInSolid</strData>
			</item>
			<item>
				<strData>ASMApproximationSettings.ConvertHollowSurfacesToRevolvedSurfaces</strData>
			</item>
			<item>
				<strData>ASMApproximationSettings.AddOuterLoopToSpheresTori</strData>
			</item>
			<item>
				<strData>ASMApproximationSettings.AdjustFacesCrossingSeams</strData>
			</item>
			<item>
				<strData>ASMApproximationSettings.Degree</strData>
			</item>
			<item>
				<strData>ASMApproximationSettings.ConvertAnalyticICurveToNurbs</strData>
			</item>
			<item>
				<strData>ASMApproximationSettings.IsConvertStraightICurveToNurbsSet</strData>
			</item>
			<item>
				<strData>ASMApproximationSettings.ConvertStraightICurveToNurbs</strData>
			</item>
			<item>
				<strData>ASMApproximationSettings.IsConvertEllipseICurveToNurbsSet</strData>
			</item>
			<item>
				<strData>ASMApproximationSettings.ConvertEllipseICurveToNurbs</strData>
			</item>
			<item>
				<strData>ASMApproximationSettings.ConvertEllipseICurveToNurbs.ConvertOnlyNonCircular</strData>
			</item>
			<item>
				<strData>ASMApproximationSettings.ApproximateASMBodyToSourceTolerance</strData>
			</item>
			<item>
				<strData>ASMApproximationSettings.ConvertStraightToNurbsType</strData>
			</item>
			<item>
				<strData>ASMApproximationSettings.ConvertEllipseToNurbsType</strData>
			</item>
		</v1>
		<v2>
			<count>61</count>
			<item_version>0</item_version>
			<item>
				<strData>false</strData>
			</item>
			<item>
				<strData>0</strData>
			</item>
			<item>
				<strData>true</strData>
			</item>
			<item>
				<strData>true</strData>
			</item>
			<item>
				<strData>true</strData>
			</item>
			<item>
				<strData>0.001000</strData>
			</item>
			<item>
				<strData>true</strData>
			</item>
			<item>
				<strData>true</strData>
			</item>
			<item>
				<strData>false</strData>
			</item>
			<item>
				<strData>false</strData>
			</item>
			<item>
				<strData>true</strData>
			</item>
			<item>
				<strData>false</strData>
			</item>
			<item>
				<strData>false</strData>
			</item>
			<item>
				<strData>true</strData>
			</item>
			<item>
				<strData>true</strData>
			</item>
			<item>
				<strData>false</strData>
			</item>
			<item>
				<strData>false</strData>
			</item>
			<item>
				<strData>false</strData>
			</item>
			<item>
				<strData>false</strData>
			</item>
			<item>
				<strData>false</strData>
			</item>
			<item>
				<strData>true</strData>
			</item>
			<item>
				<strData>true</strData>
			</item>
			<item>
				<strData>true</strData>
			</item>
			<item>
				<strData>false</strData>
			</item>
			<item>
				<strData>false</strData>
			</item>
			<item>
				<strData>false</strData>
			</item>
			<item>
				<strData>true</strData>
			</item>
			<item>
				<strData>false</strData>
			</item>
			<item>
				<strData>false</strData>
			</item>
			<item>
				<strData>false</strData>
			</item>
			<item>
				<strData>false</strData>
			</item>
			<item>
				<strData>false</strData>
			</item>
			<item>
				<strData>false</strData>
			</item>
			<item>
				<strData>false</strData>
			</item>
			<item>
				<strData>false</strData>
			</item>
			<item>
				<strData>false</strData>
			</item>
			<item>
				<strData>false</strData>
			</item>
			<item>
				<strData>false</strData>
			</item>
			<item>
				<strData>true</strData>
			</item>
			<item>
				<strData>false</strData>
			</item>
			<item>
				<strData>false</strData>
			</item>
			<item>
				<strData>false</strData>
			</item>
			<item>
				<strData>false</strData>
			</item>
			<item>
				<strData>false</strData>
			</item>
			<item>
				<strData>true</strData>
			</item>
			<item>
				<strData>true</strData>
			</item>
			<item>
				<strData>false</strData>
			</item>
			<item>
				<strData>false</strData>
			</item>
			<item>
				<strData>false</strData>
			</item>
			<item>
				<strData>false</strData>
			</item>
			<item>
				<strData>false</strData>
			</item>
			<item>
				<strData>-1</strData>
			</item>
			<item>
				<strData>false</strData>
			</item>
			<item>
				<strData>false</strData>
			</item>
			<item>
				<strData>false</strData>
			</item>
			<item>
				<strData>false</strData>
			</item>
			<item>
				<strData>false</strData>
			</item>
			<item>
				<strData>false</strData>
			</item>
			<item>
				<strData>false</strData>
			</item>
			<item>
				<strData>ApproxDefaultSetting_ASM</strData>
			</item>
			<item>
				<strData>ApproxDefaultSetting_ASM</strData>
			</item>
		</v2>
		<v1>
			<count>0</count>
			<item_version>0</item_version>
		</v1>
		<v2>
			<count>0</count>
			<item_version>0</item_version>
		</v2>
	</WorkdataEvent>
	<m_sServiceName>
		<strData>ApproximationStage</strData>
	</m_sServiceName>
</e>
<e class_id_reference="3">
	<WorkdataEvent>
		<Event></Event>
		<m_severity>3</m_severity>
		<v1>
			<count>3</count>
			<item_version>0</item_version>
			<item>
				<strData>WantFlattenAssembly</strData>
			</item>
			<item>
				<strData>WantFlattenGeomContainer</strData>
			</item>
			<item>
				<strData>AttachOccurrenceInfoToBody</strData>
			</item>
		</v1>
		<v2>
			<count>3</count>
			<item_version>0</item_version>
			<item>
				<strData>false</strData>
			</item>
			<item>
				<strData>true</strData>
			</item>
			<item>
				<strData>false</strData>
			</item>
		</v2>
		<v1>
			<count>0</count>
			<item_version>0</item_version>
		</v1>
		<v2>
			<count>0</count>
			<item_version>0</item_version>
		</v2>
	</WorkdataEvent>
	<m_sComponentName>
		<strData>FlattenStage</strData>
	</m_sComponentName>
	<v1>
		<count>0</count>
		<item_version>0</item_version>
	</v1>
	<v2>
		<count>0</count>
		<item_version>0</item_version>
	</v2>
</e>
<e class_id="11" class_name="TranslationEndEvent" tracking_level="0" version="0">
	<Event></Event>
</e>
<e class_id_reference="10">
	<WorkdataEvent>
		<Event></Event>
		<m_severity>3</m_severity>
		<v1>
			<count>20</count>
			<item_version>0</item_version>
			<item>
				<strData>WantSolid</strData>
			</item>
			<item>
				<strData>WantSurface</strData>
			</item>
			<item>
				<strData>WantCurve</strData>
			</item>
			<item>
				<strData>WantPoint</strData>
			</item>
			<item>
				<strData>WantSketchCurve</strData>
			</item>
			<item>
				<strData>WantSketchPoint</strData>
			</item>
			<item>
				<strData>WantPolygonMesh</strData>
			</item>
			<item>
				<strData>WantWorkPlane</strData>
			</item>
			<item>
				<strData>WantWorkAxis</strData>
			</item>
			<item>
				<strData>WantWorkPoint</strData>
			</item>
			<item>
				<strData>WantView</strData>
			</item>
			<item>
				<strData>WantCamera</strData>
			</item>
			<item>
				<strData>WantAnyInvisible</strData>
			</item>
			<item>
				<strData>WantInvisible</strData>
			</item>
			<item>
				<strData>WantCoordSys</strData>
			</item>
			<item>
				<strData>WantPMI</strData>
			</item>
			<item>
				<strData>HierarchyOption</strData>
			</item>
			<item>
				<strData>WantInvisibleWorkFeature</strData>
			</item>
			<item>
				<strData>IsAssertEnabled</strData>
			</item>
			<item>
				<strData>WantJournal</strData>
			</item>
		</v1>
		<v2>
			<count>20</count>
			<item_version>0</item_version>
			<item>
				<strData>false</strData>
			</item>
			<item>
				<strData>false</strData>
			</item>
			<item>
				<strData>true</strData>
			</item>
			<item>
				<strData>false</strData>
			</item>
			<item>
				<strData>true</strData>
			</item>
			<item>
				<strData>true</strData>
			</item>
			<item>
				<strData>true</strData>
			</item>
			<item>
				<strData>false</strData>
			</item>
			<item>
				<strData>false</strData>
			</item>
			<item>
				<strData>false</strData>
			</item>
			<item>
				<strData>true</strData>
			</item>
			<item>
				<strData>true</strData>
			</item>
			<item>
				<strData>true</strData>
			</item>
			<item>
				<strData>false</strData>
			</item>
			<item>
				<strData>false</strData>
			</item>
			<item>
				<strData>false</strData>
			</item>
			<item>
				<strData>kHierarchyOption_All</strData>
			</item>
			<item>
				<strData>true</strData>
			</item>
			<item>
				<strData>false</strData>
			</item>
			<item>
				<strData>false</strData>
			</item>
		</v2>
		<v1>
			<count>7</count>
			<item_version>0</item_version>
			<item>
				<strData>Producer</strData>
			</item>
			<item>
				<strData>Consumer</strData>
			</item>
			<item>
				<strData>IsMultiThread</strData>
			</item>
			<item>
				<strData>IsProcessorSucceeded</strData>
			</item>
			<item>
				<strData>IsAnyCAD</strData>
			</item>
			<item>
				<strData>Duration(second)</strData>
			</item>
			<item>
				<strData>DeltaWorkingSet(MB)</strData>
			</item>
		</v1>
		<v2>
			<count>7</count>
			<item_version>0</item_version>
			<item>
				<strData>ATF::MaxATFProducer</strData>
			</item>
			<item>
				<strData>ATF::IGESConsumer</strData>
			</item>
			<item>
				<strData>true</strData>
			</item>
			<item>
				<strData>true</strData>
			</item>
			<item>
				<strData>false</strData>
			</item>
			<item>
				<strData>0.03</strData>
			</item>
			<item>
				<strData>6</strData>
			</item>
		</v2>
	</WorkdataEvent>
	<m_sServiceName>
		<strData>Processor</strData>
	</m_sServiceName>
</e>
</boost_serialization>
